<?xml version="1.0" encoding="UTF-8"?>
<!-- Generated by org.testng.reporters.JUnitReportReporter -->
<testsuite skipped="0" hostname="LAPTOP-5CEH4ICU" name="SanityTests.AlarmClockDesktop" tests="1" failures="0" timestamp="13 Aug 2020 11:33:35 GMT" time="22.419" errors="0">
  <testcase name="Test01_SetAlarmOn" time="22.419" classname="SanityTests.AlarmClockDesktop"/>
</testsuite> <!-- SanityTests.AlarmClockDesktop -->
