<?xml version="1.0" encoding="UTF-8"?>
<!-- Generated by org.testng.reporters.JUnitReportReporter -->
<testsuite skipped="0" hostname="LAPTOP-5CEH4ICU" name="SanityTests.ElectronDemo" tests="1" failures="0" timestamp="15 Aug 2020 11:28:33 GMT" time="0.535" errors="0">
  <testcase name="Test01_ElectronDemoVersion" time="0.535" classname="SanityTests.ElectronDemo"/>
</testsuite> <!-- SanityTests.ElectronDemo -->
