<?xml version="1.0" encoding="UTF-8"?>
<!-- Generated by org.testng.reporters.JUnitReportReporter -->
<testsuite skipped="0" hostname="LAPTOP-5CEH4ICU" name="SanityTests.EriBankMobile" tests="2" failures="0" timestamp="13 Aug 2020 12:12:59 GMT" time="17.507" errors="0">
  <testcase name="Test02_MakePayment" time="11.621" classname="SanityTests.EriBankMobile"/>
  <testcase name="Test01_Login" time="5.886" classname="SanityTests.EriBankMobile"/>
</testsuite> <!-- SanityTests.EriBankMobile -->
