<?xml version="1.0" encoding="UTF-8"?>
<!-- Generated by org.testng.reporters.JUnitReportReporter -->
<testsuite skipped="0" hostname="LAPTOP-5CEH4ICU" name="SanityTests.EmployeesDB" tests="1" failures="0" timestamp="15 Aug 2020 11:28:01 GMT" time="0.319" errors="0">
  <testcase name="Test01_EmployeesDB" time="0.319" classname="SanityTests.EmployeesDB"/>
</testsuite> <!-- SanityTests.EmployeesDB -->
